Removed Pin From Net: NetName=+3V3 Pin=J1-1
Removed Pin From Net: NetName=PB5 Pin=J1-2
Removed Pin From Net: NetName=PB0 Pin=J1-3
Removed Pin From Net: NetName=PB1 Pin=J1-4
Removed Pin From Net: NetName=PE4 Pin=J1-5
Removed Pin From Net: NetName=PE5 Pin=J1-6
Removed Pin From Net: NetName=PB4 Pin=J1-7
Removed Pin From Net: NetName=PA5 Pin=J1-8
Removed Pin From Net: NetName=PA6 Pin=J1-9
Removed Pin From Net: NetName=PA7 Pin=J1-10
Removed Pin From Net: NetName=VBUS Pin=J2-1
Removed Pin From Net: NetName=GND Pin=J2-2
Removed Pin From Net: NetName=PD0 Pin=J2-3
Removed Pin From Net: NetName=PD1 Pin=J2-4
Removed Pin From Net: NetName=PD2 Pin=J2-5
Removed Pin From Net: NetName=PD3 Pin=J2-6
Removed Pin From Net: NetName=PE1 Pin=J2-7
Removed Pin From Net: NetName=PE2 Pin=J2-8
Removed Pin From Net: NetName=PE3 Pin=J2-9
Removed Pin From Net: NetName=PF1 Pin=J2-10
Added Pin To Net: NetName=PA7 Pin=J1-1
Added Pin To Net: NetName=PA6 Pin=J1-2
Added Pin To Net: NetName=PA5 Pin=J1-3
Added Pin To Net: NetName=PB4 Pin=J1-4
Added Pin To Net: NetName=PE5 Pin=J1-5
Added Pin To Net: NetName=PE4 Pin=J1-6
Added Pin To Net: NetName=PB1 Pin=J1-7
Added Pin To Net: NetName=PB0 Pin=J1-8
Added Pin To Net: NetName=PB5 Pin=J1-9
Added Pin To Net: NetName=+3V3 Pin=J1-10
Added Pin To Net: NetName=PF1 Pin=J2-1
Added Pin To Net: NetName=PE3 Pin=J2-2
Added Pin To Net: NetName=PE2 Pin=J2-3
Added Pin To Net: NetName=PE1 Pin=J2-4
Added Pin To Net: NetName=PD3 Pin=J2-5
Added Pin To Net: NetName=PD2 Pin=J2-6
Added Pin To Net: NetName=PD1 Pin=J2-7
Added Pin To Net: NetName=PD0 Pin=J2-8
Added Pin To Net: NetName=GND Pin=J2-9
Added Pin To Net: NetName=VBUS Pin=J2-10
